2024-02-01 10:20:14,126 INFO Set uid to user 0 succeeded
2024-02-01 10:20:14,148 INFO supervisord started with pid 1
2024-02-01 10:20:15,155 INFO spawned: 'nginx' with pid 7
2024-02-01 10:20:15,173 INFO spawned: 'php-fpm' with pid 8
2024-02-01 10:20:16,185 INFO success: nginx entered RUNNING state, process has stayed up for > than 1 seconds (startsecs)
2024-02-01 10:20:16,186 INFO success: php-fpm entered RUNNING state, process has stayed up for > than 1 seconds (startsecs)
2024-02-01 10:26:40,323 WARN received SIGQUIT indicating exit request
2024-02-01 10:26:40,347 INFO waiting for nginx, php-fpm to die
2024-02-01 10:26:40,641 INFO stopped: php-fpm (exit status 0)
2024-02-01 10:26:40,907 INFO stopped: nginx (exit status 0)
2024-02-01 10:28:12,174 INFO Set uid to user 0 succeeded
2024-02-01 10:28:12,193 INFO supervisord started with pid 1
2024-02-01 10:28:13,198 INFO spawned: 'nginx' with pid 7
2024-02-01 10:28:13,204 INFO spawned: 'php-fpm' with pid 8
2024-02-01 10:28:14,351 INFO success: nginx entered RUNNING state, process has stayed up for > than 1 seconds (startsecs)
2024-02-01 10:28:14,352 INFO success: php-fpm entered RUNNING state, process has stayed up for > than 1 seconds (startsecs)
2024-02-01 10:31:23,071 WARN received SIGQUIT indicating exit request
2024-02-01 10:31:23,226 INFO waiting for nginx, php-fpm to die
2024-02-01 10:31:27,373 INFO stopped: php-fpm (exit status 0)
2024-02-01 10:31:27,538 INFO waiting for nginx to die
2024-02-01 10:31:28,887 INFO stopped: nginx (exit status 0)
2024-02-01 10:34:14,984 INFO Set uid to user 0 succeeded
2024-02-01 10:34:15,005 INFO supervisord started with pid 1
2024-02-01 10:34:16,023 INFO spawned: 'nginx' with pid 7
2024-02-01 10:34:16,056 INFO spawned: 'php-fpm' with pid 8
2024-02-01 10:34:17,783 INFO success: nginx entered RUNNING state, process has stayed up for > than 1 seconds (startsecs)
2024-02-01 10:34:17,784 INFO success: php-fpm entered RUNNING state, process has stayed up for > than 1 seconds (startsecs)
2024-02-01 10:34:53,995 WARN received SIGQUIT indicating exit request
2024-02-01 10:34:53,999 INFO waiting for nginx, php-fpm to die
2024-02-01 10:34:55,050 INFO stopped: php-fpm (exit status 0)
2024-02-01 10:34:55,192 INFO stopped: nginx (exit status 0)
2024-02-01 10:42:01,806 INFO Set uid to user 0 succeeded
2024-02-01 10:42:01,823 INFO supervisord started with pid 1
2024-02-01 10:42:02,830 INFO spawned: 'nginx' with pid 7
2024-02-01 10:42:02,842 INFO spawned: 'php-fpm' with pid 8
2024-02-01 10:42:04,485 INFO success: nginx entered RUNNING state, process has stayed up for > than 1 seconds (startsecs)
2024-02-01 10:42:04,486 INFO success: php-fpm entered RUNNING state, process has stayed up for > than 1 seconds (startsecs)
2024-02-01 10:43:36,973 WARN received SIGQUIT indicating exit request
2024-02-01 10:43:37,017 INFO waiting for nginx, php-fpm to die
2024-02-01 10:43:37,279 INFO stopped: php-fpm (exit status 0)
2024-02-01 10:43:38,525 INFO stopped: nginx (exit status 0)
2024-02-01 10:45:26,641 INFO Set uid to user 0 succeeded
2024-02-01 10:45:26,664 INFO supervisord started with pid 1
2024-02-01 10:45:27,686 INFO spawned: 'nginx' with pid 7
2024-02-01 10:45:27,705 INFO spawned: 'php-fpm' with pid 8
2024-02-01 10:45:29,469 INFO success: nginx entered RUNNING state, process has stayed up for > than 1 seconds (startsecs)
2024-02-01 10:45:29,473 INFO success: php-fpm entered RUNNING state, process has stayed up for > than 1 seconds (startsecs)
2024-02-01 10:47:14,361 WARN received SIGQUIT indicating exit request
2024-02-01 10:47:14,387 INFO waiting for nginx, php-fpm to die
2024-02-01 10:47:14,608 INFO stopped: php-fpm (exit status 0)
2024-02-01 10:47:14,824 INFO stopped: nginx (exit status 0)
2024-02-01 10:49:00,971 INFO Set uid to user 0 succeeded
2024-02-01 10:49:00,992 INFO supervisord started with pid 1
2024-02-01 10:49:01,997 INFO spawned: 'nginx' with pid 7
2024-02-01 10:49:02,010 INFO spawned: 'php-fpm' with pid 8
2024-02-01 10:49:03,831 INFO success: nginx entered RUNNING state, process has stayed up for > than 1 seconds (startsecs)
2024-02-01 10:49:03,833 INFO success: php-fpm entered RUNNING state, process has stayed up for > than 1 seconds (startsecs)
2024-02-01 10:49:45,981 WARN received SIGQUIT indicating exit request
2024-02-01 10:49:45,985 INFO waiting for nginx, php-fpm to die
2024-02-01 10:49:46,004 INFO stopped: php-fpm (exit status 0)
2024-02-01 10:49:46,199 INFO stopped: nginx (exit status 0)
2024-02-01 15:46:58,097 INFO Set uid to user 0 succeeded
2024-02-01 15:46:58,147 INFO supervisord started with pid 1
2024-02-01 15:46:59,158 INFO spawned: 'nginx' with pid 6
2024-02-01 15:46:59,173 INFO spawned: 'php-fpm' with pid 7
2024-02-01 15:47:00,982 INFO success: nginx entered RUNNING state, process has stayed up for > than 1 seconds (startsecs)
2024-02-01 15:47:00,987 INFO success: php-fpm entered RUNNING state, process has stayed up for > than 1 seconds (startsecs)
2024-02-01 15:58:22,342 WARN received SIGQUIT indicating exit request
2024-02-01 15:58:22,468 INFO waiting for nginx, php-fpm to die
2024-02-01 15:58:23,074 INFO stopped: php-fpm (exit status 0)
2024-02-01 15:58:24,330 INFO stopped: nginx (exit status 0)
2024-02-01 16:32:31,335 INFO Set uid to user 0 succeeded
2024-02-01 16:32:31,360 INFO supervisord started with pid 1
2024-02-01 16:32:32,382 INFO spawned: 'nginx' with pid 7
2024-02-01 16:32:32,417 INFO spawned: 'php-fpm' with pid 8
2024-02-01 16:32:34,158 INFO success: nginx entered RUNNING state, process has stayed up for > than 1 seconds (startsecs)
2024-02-01 16:32:34,158 INFO success: php-fpm entered RUNNING state, process has stayed up for > than 1 seconds (startsecs)
2024-02-01 16:40:11,368 WARN received SIGQUIT indicating exit request
2024-02-01 16:40:11,401 INFO waiting for nginx, php-fpm to die
2024-02-01 16:40:11,496 INFO stopped: php-fpm (exit status 0)
2024-02-01 16:40:11,674 INFO stopped: nginx (exit status 0)
2024-02-02 02:28:22,673 INFO Set uid to user 0 succeeded
2024-02-02 02:28:22,692 INFO supervisord started with pid 1
2024-02-02 02:28:23,708 INFO spawned: 'nginx' with pid 7
2024-02-02 02:28:23,731 INFO spawned: 'php-fpm' with pid 8
2024-02-02 02:28:25,427 INFO success: nginx entered RUNNING state, process has stayed up for > than 1 seconds (startsecs)
2024-02-02 02:28:25,428 INFO success: php-fpm entered RUNNING state, process has stayed up for > than 1 seconds (startsecs)
2024-02-02 02:34:15,650 WARN received SIGQUIT indicating exit request
2024-02-02 02:34:15,706 INFO waiting for nginx, php-fpm to die
2024-02-02 02:34:17,136 INFO stopped: php-fpm (exit status 0)
2024-02-02 02:34:18,407 INFO stopped: nginx (exit status 0)
2024-02-02 03:21:36,072 INFO Set uid to user 0 succeeded
2024-02-02 03:21:36,086 INFO supervisord started with pid 1
2024-02-02 03:21:37,094 INFO spawned: 'nginx' with pid 7
2024-02-02 03:21:37,100 INFO spawned: 'php-fpm' with pid 8
2024-02-02 03:21:38,090 INFO success: nginx entered RUNNING state, process has stayed up for > than 1 seconds (startsecs)
2024-02-02 03:21:39,095 INFO success: php-fpm entered RUNNING state, process has stayed up for > than 1 seconds (startsecs)
2024-02-02 03:23:39,930 WARN received SIGQUIT indicating exit request
2024-02-02 03:23:40,011 INFO waiting for nginx, php-fpm to die
2024-02-02 03:23:42,006 INFO stopped: php-fpm (exit status 0)
2024-02-02 03:23:42,480 INFO stopped: nginx (exit status 0)
2024-02-02 03:25:17,359 INFO Set uid to user 0 succeeded
2024-02-02 03:25:17,369 INFO supervisord started with pid 1
2024-02-02 03:25:18,376 INFO spawned: 'nginx' with pid 7
2024-02-02 03:25:18,379 INFO spawned: 'php-fpm' with pid 8
2024-02-02 03:25:19,784 INFO success: nginx entered RUNNING state, process has stayed up for > than 1 seconds (startsecs)
2024-02-02 03:25:19,785 INFO success: php-fpm entered RUNNING state, process has stayed up for > than 1 seconds (startsecs)
2024-02-02 03:25:48,828 WARN received SIGQUIT indicating exit request
2024-02-02 03:25:48,830 INFO waiting for nginx, php-fpm to die
2024-02-02 03:25:48,838 INFO stopped: php-fpm (exit status 0)
2024-02-02 03:25:48,972 INFO stopped: nginx (exit status 0)
2024-02-02 04:13:53,230 INFO Set uid to user 0 succeeded
2024-02-02 04:13:53,296 INFO supervisord started with pid 1
2024-02-02 04:13:54,310 INFO spawned: 'nginx' with pid 7
2024-02-02 04:13:54,325 INFO spawned: 'php-fpm' with pid 8
2024-02-02 04:13:55,864 INFO success: nginx entered RUNNING state, process has stayed up for > than 1 seconds (startsecs)
2024-02-02 04:13:55,867 INFO success: php-fpm entered RUNNING state, process has stayed up for > than 1 seconds (startsecs)
2024-02-02 04:18:06,379 WARN received SIGQUIT indicating exit request
2024-02-02 04:18:06,393 INFO waiting for nginx, php-fpm to die
2024-02-02 04:18:06,555 INFO stopped: php-fpm (exit status 0)
2024-02-02 04:18:06,797 INFO stopped: nginx (exit status 0)
2024-02-02 04:18:54,012 INFO Set uid to user 0 succeeded
2024-02-02 04:18:54,026 INFO supervisord started with pid 1
2024-02-02 04:18:55,031 INFO spawned: 'nginx' with pid 7
2024-02-02 04:18:55,037 INFO spawned: 'php-fpm' with pid 8
2024-02-02 04:18:56,205 INFO success: nginx entered RUNNING state, process has stayed up for > than 1 seconds (startsecs)
2024-02-02 04:18:56,206 INFO success: php-fpm entered RUNNING state, process has stayed up for > than 1 seconds (startsecs)
2024-02-02 04:25:21,952 WARN received SIGQUIT indicating exit request
2024-02-02 04:25:22,009 INFO waiting for nginx, php-fpm to die
2024-02-02 04:25:22,563 INFO stopped: php-fpm (exit status 0)
2024-02-02 04:25:22,878 INFO stopped: nginx (exit status 0)
2024-02-02 04:25:28,741 INFO Set uid to user 0 succeeded
2024-02-02 04:25:28,757 INFO supervisord started with pid 1
2024-02-02 04:25:29,764 INFO spawned: 'nginx' with pid 8
2024-02-02 04:25:29,772 INFO spawned: 'php-fpm' with pid 9
2024-02-02 04:25:31,286 INFO success: nginx entered RUNNING state, process has stayed up for > than 1 seconds (startsecs)
2024-02-02 04:25:31,287 INFO success: php-fpm entered RUNNING state, process has stayed up for > than 1 seconds (startsecs)
2024-02-02 04:49:32,512 WARN received SIGQUIT indicating exit request
2024-02-02 04:49:32,730 INFO waiting for nginx, php-fpm to die
2024-02-02 04:49:35,224 INFO stopped: php-fpm (exit status 0)
2024-02-02 04:49:35,941 INFO stopped: nginx (exit status 0)
2024-02-02 06:30:56,709 INFO Set uid to user 0 succeeded
2024-02-02 06:30:56,729 INFO supervisord started with pid 1
2024-02-02 06:30:57,735 INFO spawned: 'nginx' with pid 8
2024-02-02 06:30:57,768 INFO spawned: 'php-fpm' with pid 9
2024-02-02 06:30:59,206 INFO success: nginx entered RUNNING state, process has stayed up for > than 1 seconds (startsecs)
2024-02-02 06:30:59,207 INFO success: php-fpm entered RUNNING state, process has stayed up for > than 1 seconds (startsecs)
2024-02-02 09:46:04,071 WARN received SIGQUIT indicating exit request
2024-02-02 09:46:04,165 INFO waiting for nginx, php-fpm to die
2024-02-02 09:46:06,149 INFO stopped: php-fpm (exit status 0)
2024-02-02 09:46:07,101 INFO stopped: nginx (exit status 0)
2024-02-02 09:49:49,740 INFO Set uid to user 0 succeeded
2024-02-02 09:49:49,762 INFO supervisord started with pid 1
2024-02-02 09:49:50,769 INFO spawned: 'nginx' with pid 7
2024-02-02 09:49:50,789 INFO spawned: 'php-fpm' with pid 8
2024-02-02 09:49:51,877 INFO success: nginx entered RUNNING state, process has stayed up for > than 1 seconds (startsecs)
2024-02-02 09:49:51,879 INFO success: php-fpm entered RUNNING state, process has stayed up for > than 1 seconds (startsecs)
2024-02-02 09:51:45,072 WARN received SIGQUIT indicating exit request
2024-02-02 09:51:45,098 INFO waiting for nginx, php-fpm to die
2024-02-02 09:51:45,287 INFO stopped: php-fpm (exit status 0)
2024-02-02 09:51:46,461 INFO stopped: nginx (exit status 0)
2024-02-05 05:25:42,801 INFO Set uid to user 0 succeeded
2024-02-05 05:25:42,810 INFO supervisord started with pid 1
2024-02-05 05:25:43,815 INFO spawned: 'nginx' with pid 7
2024-02-05 05:25:43,824 INFO spawned: 'php-fpm' with pid 8
2024-02-05 05:25:45,091 INFO success: nginx entered RUNNING state, process has stayed up for > than 1 seconds (startsecs)
2024-02-05 05:25:45,092 INFO success: php-fpm entered RUNNING state, process has stayed up for > than 1 seconds (startsecs)
2024-02-05 07:42:04,955 WARN received SIGQUIT indicating exit request
2024-02-05 07:42:04,996 INFO waiting for nginx, php-fpm to die
2024-02-05 07:42:05,253 INFO stopped: php-fpm (exit status 0)
2024-02-05 07:42:06,488 INFO stopped: nginx (exit status 0)
2024-02-22 14:42:57,448 INFO Set uid to user 0 succeeded
2024-02-22 14:42:57,461 INFO supervisord started with pid 1
2024-02-22 14:42:58,472 INFO spawned: 'nginx' with pid 7
2024-02-22 14:42:58,479 INFO spawned: 'php-fpm' with pid 8
2024-02-22 14:42:59,731 INFO success: nginx entered RUNNING state, process has stayed up for > than 1 seconds (startsecs)
2024-02-22 14:42:59,736 INFO success: php-fpm entered RUNNING state, process has stayed up for > than 1 seconds (startsecs)
2024-02-22 14:45:22,919 WARN received SIGQUIT indicating exit request
2024-02-22 14:45:22,954 INFO waiting for nginx, php-fpm to die
2024-02-22 14:45:23,305 INFO stopped: php-fpm (exit status 0)
2024-02-22 14:45:23,504 INFO stopped: nginx (exit status 0)
